{ Using PSTWRITER 17.2.0 d001Jun-09-2018 at 17:26:50 }

#1 WARNING(ORCAP-36038): "No_connect" property on Pin "U6.9" ignored for U6: MAIN, 05 POWER (162.56, 139.70). Connecting pin to net "N16906349".
#2 WARNING(ORCAP-36038): "No_connect" property on Pin "U2.12" ignored for U2: MAIN, 03 MCU (66.04, 63.50). Connecting pin to net "ADC_BAT".
#3 WARNING(ORCAP-36038): "No_connect" property on Pin "U2.11" ignored for U2: MAIN, 03 MCU (66.04, 63.50). Connecting pin to net "ADC_USB".
#4 WARNING(ORCAP-36038): "No_connect" property on Pin "USB1.4" ignored for USB1: MAIN, 05 POWER (195.58, 63.50). Connecting pin to net "N16907346".
#5 WARNING(ORCAP-36038): "No_connect" property on Pin "U2.33" ignored for U2: MAIN, 03 MCU (66.04, 63.50). Connecting pin to net "USB_DP".
#6 WARNING(ORCAP-36038): "No_connect" property on Pin "U2.18" ignored for U2: MAIN, 03 MCU (66.04, 63.50). Connecting pin to net "OLED_D0".
#7 WARNING(ORCAP-36038): "No_connect" property on Pin "U2.19" ignored for U2: MAIN, 03 MCU (66.04, 63.50). Connecting pin to net "OLED_D1".
#8 WARNING(ORCAP-36038): "No_connect" property on Pin "U1.15" ignored for U1: MAIN, 03 MCU (332.74, 27.94). Connecting pin to net "OLED_DC".
#9 WARNING(ORCAP-36038): "No_connect" property on Pin "U2.17" ignored for U2: MAIN, 03 MCU (66.04, 63.50). Connecting pin to net "OLED_RW".
#10 WARNING(ORCAP-36038): "No_connect" property on Pin "U2.16" ignored for U2: MAIN, 03 MCU (66.04, 63.50). Connecting pin to net "OLED_RD".
#11 WARNING(ORCAP-36038): "No_connect" property on Pin "U1.14" ignored for U1: MAIN, 03 MCU (332.74, 27.94). Connecting pin to net "RESET".
#12 WARNING(ORCAP-36038): "No_connect" property on Pin "U2.3" ignored for U2: MAIN, 03 MCU (66.04, 63.50). Connecting pin to net "OSC32_IN".
#13 WARNING(ORCAP-36038): "No_connect" property on Pin "U5.3" ignored for U5: MAIN, 05 POWER (144.78, 66.04). Connecting pin to net "USB_D-".
#14 WARNING(ORCAP-36038): "No_connect" property on Pin "U5.4" ignored for U5: MAIN, 05 POWER (144.78, 66.04). Connecting pin to net "USB_D-".
#15 WARNING(ORCAP-36038): "No_connect" property on Pin "USB1.2" ignored for USB1: MAIN, 05 POWER (195.58, 63.50). Connecting pin to net "USB_D-".
#16 WARNING(ORCAP-36038): "No_connect" property on Pin "U2.4" ignored for U2: MAIN, 03 MCU (66.04, 63.50). Connecting pin to net "OSC32_OUT".
#17 WARNING(ORCAP-36006): Part Name "CONN RCPT 4_HEADER4X1_2R54_HEADER4X1_2R54" is renamed to "CONN RCPT 4_HEADER4X1_2R54_HEAD".
#18 WARNING(ORCAP-36006): Part Name "IND_BEAD_0805_600OHM_1_L3015_SWPA3015S2R2NT" is renamed to "IND_BEAD_0805_600OHM_1_L3015_SW".
#19 WARNING(ORCAP-36006): Part Name "STM32F103C8T6_LQFP-48_STM32F103C8T6" is renamed to "STM32F103C8T6_LQFP-48_STM32F103".
#20 WARNING(ORCAP-36006): Part Name "BATTERY_BAT-XH414HG_BATTERY_XH414" is renamed to "BATTERY_BAT-XH414HG_BATTERY_XH4".
#21 WARNING(ORCAP-36006): Part Name "NUP2202W1_D_2_SOT-363_NUP4202W1T2G" is renamed to "NUP2202W1_D_2_SOT-363_NUP4202W1".
#22 WARNING(ORCAP-36006): Part Name "XTAL_5032_0_X-2P-5R0X3R2-SMD_X50328MSD2GC" is renamed to "XTAL_5032_0_X-2P-5R0X3R2-SMD_X5".
#23 WARNING(ORCAP-36006): Part Name "XTAL_5032_0_X-2P-3R2X1R5-SMD_XTAL_32768HZ_3215" is renamed to "XTAL_5032_0_X-2P-3R2X1R5-SMD_XT".
INFO(ORCAP-36080): Scanning netlist files ...

Loading... H:\Current-Shunt-Monitors\HARDWARE\L151_SHT30_V10A\SCH\ALLEGRO/pstchip.dat

Loading... H:\Current-Shunt-Monitors\HARDWARE\L151_SHT30_V10A\SCH\ALLEGRO/pstchip.dat

Loading... H:\Current-Shunt-Monitors\HARDWARE\L151_SHT30_V10A\SCH\ALLEGRO/pstxprt.dat

Loading... H:\Current-Shunt-Monitors\HARDWARE\L151_SHT30_V10A\SCH\ALLEGRO/pstxnet.dat
packaging the design view...